0 info it worked if it ends with ok
1 verbose cli [ '/usr/local/bin/node',
1 verbose cli   '/usr/local/bin/npm',
1 verbose cli   'install',
1 verbose cli   'opencv',
1 verbose cli   '--save' ]
2 info using npm@1.2.10
3 info using node@v0.8.19
4 verbose read json /home/ivan/code/git/image-parser-node/package.json
5 verbose read json /home/ivan/code/git/image-parser-node/node_modules/brain/package.json
6 verbose read json /home/ivan/code/git/image-parser-node/node_modules/cheerio/package.json
7 verbose read json /home/ivan/code/git/image-parser-node/node_modules/request/package.json
8 verbose read json /home/ivan/code/git/image-parser-node/node_modules/express/package.json
9 verbose read json /home/ivan/code/git/image-parser-node/node_modules/bower/package.json
10 verbose from cache /home/ivan/code/git/image-parser-node/package.json
11 verbose readDependencies using package.json deps
12 verbose cache add [ 'opencv', null ]
13 verbose cache add name=undefined spec="opencv" args=["opencv",null]
14 verbose parsed url { pathname: 'opencv', path: 'opencv', href: 'opencv' }
15 silly lockFile 34897cde-opencv opencv
16 verbose lock opencv /home/ivan/.npm/34897cde-opencv.lock
17 silly lockFile 34897cde-opencv opencv
18 silly lockFile 34897cde-opencv opencv
19 verbose addNamed [ 'opencv', '' ]
20 verbose addNamed [ null, '' ]
21 silly lockFile 4da5a9ce-opencv opencv@
22 verbose lock opencv@ /home/ivan/.npm/4da5a9ce-opencv.lock
23 silly addNameRange { name: 'opencv', range: '', hasData: false }
24 verbose url raw opencv
25 verbose url resolving [ 'https://registry.npmjs.org/', './opencv' ]
26 verbose url resolved https://registry.npmjs.org/opencv
27 info trying registry request attempt 1 at 18:03:13
28 verbose etag "7W7FXNQIPIHGNA0L4X6DRYFJT"
29 http GET https://registry.npmjs.org/opencv
30 http 304 https://registry.npmjs.org/opencv
31 silly registry.get cb [ 304,
31 silly registry.get   { server: 'CouchDB/1.3.0 (Erlang OTP/R15B03)',
31 silly registry.get     etag: '"7W7FXNQIPIHGNA0L4X6DRYFJT"',
31 silly registry.get     date: 'Sat, 17 Aug 2013 14:03:16 GMT',
31 silly registry.get     'content-length': '0' } ]
32 verbose etag opencv from cache
33 silly addNameRange number 2 { name: 'opencv', range: '', hasData: true }
34 silly addNameRange versions [ 'opencv',
34 silly addNameRange   [ '0.0.1',
34 silly addNameRange     '0.0.2',
34 silly addNameRange     '0.0.3',
34 silly addNameRange     '0.0.4',
34 silly addNameRange     '0.0.5',
34 silly addNameRange     '0.0.6',
34 silly addNameRange     '0.0.7',
34 silly addNameRange     '0.0.8',
34 silly addNameRange     '0.0.9',
34 silly addNameRange     '0.0.10',
34 silly addNameRange     '0.0.11',
34 silly addNameRange     '0.0.12',
34 silly addNameRange     '0.1.0',
34 silly addNameRange     '0.2.0',
34 silly addNameRange     '0.3.0',
34 silly addNameRange     '0.3.1' ] ]
35 verbose addNamed [ 'opencv', '0.3.1' ]
36 verbose addNamed [ '0.3.1', '0.3.1' ]
37 silly lockFile 6733d4c1-opencv-0-3-1 opencv@0.3.1
38 verbose lock opencv@0.3.1 /home/ivan/.npm/6733d4c1-opencv-0-3-1.lock
39 silly lockFile 407afc88-pmjs-org-opencv-opencv-0-3-1-tgz https://registry.npmjs.org/opencv/-/opencv-0.3.1.tgz
40 verbose lock https://registry.npmjs.org/opencv/-/opencv-0.3.1.tgz /home/ivan/.npm/407afc88-pmjs-org-opencv-opencv-0-3-1-tgz.lock
41 verbose addRemoteTarball [ 'https://registry.npmjs.org/opencv/-/opencv-0.3.1.tgz',
41 verbose addRemoteTarball   'f6aa03ee52ac6acbf9d5385e98df00e836263d7d' ]
42 info retry fetch attempt 1 at 18:03:16
43 verbose fetch to= /home/ivan/tmp/npm-3148/1376748196220-0.0015302894171327353/tmp.tgz
44 http GET https://registry.npmjs.org/opencv/-/opencv-0.3.1.tgz
45 http 200 https://registry.npmjs.org/opencv/-/opencv-0.3.1.tgz
46 silly shasum updated bytes 40960
47 silly shasum updated bytes 40960
48 silly shasum updated bytes 40960
49 silly shasum updated bytes 40960
50 silly shasum updated bytes 40960
51 silly shasum updated bytes 40960
52 silly shasum updated bytes 40960
53 silly shasum updated bytes 40960
54 silly shasum updated bytes 40960
55 silly shasum updated bytes 40960
56 silly shasum updated bytes 40960
57 silly shasum updated bytes 40960
58 silly shasum updated bytes 40960
59 silly shasum updated bytes 40960
60 silly shasum updated bytes 40960
61 silly shasum updated bytes 40960
62 silly shasum updated bytes 40960
63 silly shasum updated bytes 40960
64 silly shasum updated bytes 40960
65 silly shasum updated bytes 40960
66 silly shasum updated bytes 40960
67 silly shasum updated bytes 40960
68 silly shasum updated bytes 40960
69 silly shasum updated bytes 40960
70 silly shasum updated bytes 40960
71 silly shasum updated bytes 40960
72 silly shasum updated bytes 40960
73 silly shasum updated bytes 40960
74 silly shasum updated bytes 40960
75 silly shasum updated bytes 40960
76 silly shasum updated bytes 40960
77 silly shasum updated bytes 40960
78 silly shasum updated bytes 40960
79 silly shasum updated bytes 40960
80 silly shasum updated bytes 40960
81 silly shasum updated bytes 40960
82 silly shasum updated bytes 40960
83 silly shasum updated bytes 40960
84 silly shasum updated bytes 40960
85 silly shasum updated bytes 40960
86 silly shasum updated bytes 40960
87 silly shasum updated bytes 40960
88 silly shasum updated bytes 40960
89 silly shasum updated bytes 40960
90 silly shasum updated bytes 40960
91 silly shasum updated bytes 40960
92 silly shasum updated bytes 40960
93 silly shasum updated bytes 40960
94 silly shasum updated bytes 40960
95 silly shasum updated bytes 40960
96 silly shasum updated bytes 40960
97 silly shasum updated bytes 40960
98 silly shasum updated bytes 40960
99 silly shasum updated bytes 40960
100 silly shasum updated bytes 40960
101 silly shasum updated bytes 40960
102 silly shasum updated bytes 40960
103 silly shasum updated bytes 40960
104 silly shasum updated bytes 40960
105 silly shasum updated bytes 40960
106 silly shasum updated bytes 40960
107 silly shasum updated bytes 40960
108 silly shasum updated bytes 40960
109 silly shasum updated bytes 40960
110 silly shasum updated bytes 40960
111 silly shasum updated bytes 40960
112 silly shasum updated bytes 40960
113 silly shasum updated bytes 40960
114 silly shasum updated bytes 40960
115 silly shasum updated bytes 40960
116 silly shasum updated bytes 40960
117 silly shasum updated bytes 40960
118 silly shasum updated bytes 40960
119 silly shasum updated bytes 40960
120 silly shasum updated bytes 40960
121 silly shasum updated bytes 40960
122 silly shasum updated bytes 40960
123 silly shasum updated bytes 40960
124 silly shasum updated bytes 40960
125 silly shasum updated bytes 40960
126 silly shasum updated bytes 40960
127 silly shasum updated bytes 40960
128 silly shasum updated bytes 40960
129 silly shasum updated bytes 40960
130 silly shasum updated bytes 40960
131 silly shasum updated bytes 40960
132 silly shasum updated bytes 40960
133 silly shasum updated bytes 40960
134 silly shasum updated bytes 40960
135 silly shasum updated bytes 40960
136 silly shasum updated bytes 40960
137 silly shasum updated bytes 40960
138 silly shasum updated bytes 40960
139 silly shasum updated bytes 40960
140 silly shasum updated bytes 40960
141 silly shasum updated bytes 40960
142 silly shasum updated bytes 40960
143 silly shasum updated bytes 40960
144 silly shasum updated bytes 40960
145 silly shasum updated bytes 40960
146 silly shasum updated bytes 40960
147 silly shasum updated bytes 40960
148 silly shasum updated bytes 40960
149 silly shasum updated bytes 32830
150 info shasum f6aa03ee52ac6acbf9d5385e98df00e836263d7d
150 info shasum /home/ivan/tmp/npm-3148/1376748196220-0.0015302894171327353/tmp.tgz
151 verbose tar unpack /home/ivan/tmp/npm-3148/1376748196220-0.0015302894171327353/tmp.tgz
152 silly lockFile f324819e-20-0-0015302894171327353-package /home/ivan/tmp/npm-3148/1376748196220-0.0015302894171327353/package
153 verbose lock /home/ivan/tmp/npm-3148/1376748196220-0.0015302894171327353/package /home/ivan/.npm/f324819e-20-0-0015302894171327353-package.lock
154 silly lockFile ce9fab91-20-0-0015302894171327353-tmp-tgz /home/ivan/tmp/npm-3148/1376748196220-0.0015302894171327353/tmp.tgz
155 verbose lock /home/ivan/tmp/npm-3148/1376748196220-0.0015302894171327353/tmp.tgz /home/ivan/.npm/ce9fab91-20-0-0015302894171327353-tmp-tgz.lock
156 silly gunzTarPerm modes [ '755', '644' ]
157 silly gunzTarPerm extractEntry package.json
158 silly gunzTarPerm extractEntry .npmignore
159 silly gunzTarPerm extractEntry README.md
160 silly gunzTarPerm extractEntry Dockerfile
161 silly gunzTarPerm extractEntry .package.json.un~
162 silly gunzTarPerm extractEntry .README.md.un~
163 silly gunzTarPerm extractEntry .temp.coffee.un~
164 silly gunzTarPerm extractEntry .temp.js.un~
165 silly gunzTarPerm extractEntry .travis.yml
166 silly gunzTarPerm extractEntry binding.gyp
167 silly gunzTarPerm extractEntry data/haarcascade_mcs_eyepair_big.xml
168 silly gunzTarPerm extractEntry data/haarcascade_eye.xml
169 silly gunzTarPerm extractEntry data/haarcascade_frontalface_alt.xml
170 silly gunzTarPerm extractEntry data/haarcascade_frontalface_alt2.xml
171 silly gunzTarPerm extractEntry data/haarcascade_frontalface_alt_tree.xml
172 silly gunzTarPerm extractEntry data/haarcascade_frontalface_default.xml
173 silly gunzTarPerm extractEntry data/haarcascade_fullbody.xml
174 silly gunzTarPerm extractEntry data/haarcascade_lefteye_2splits.xml
175 silly gunzTarPerm extractEntry data/haarcascade_lowerbody.xml
176 silly gunzTarPerm extractEntry data/haarcascade_eye_tree_eyeglasses.xml
177 silly gunzTarPerm extractEntry data/haarcascade_mcs_eyepair_small.xml
178 silly gunzTarPerm extractEntry data/haarcascade_mcs_lefteye.xml
179 silly gunzTarPerm extractEntry data/haarcascade_mcs_mouth.xml
180 silly gunzTarPerm extractEntry data/haarcascade_mcs_nose.xml
181 silly gunzTarPerm extractEntry data/haarcascade_mcs_righteye.xml
182 silly gunzTarPerm extractEntry data/haarcascade_mcs_upperbody.xml
183 silly gunzTarPerm extractEntry data/haarcascade_profileface.xml
184 silly gunzTarPerm extractEntry data/haarcascade_righteye_2splits.xml
185 silly gunzTarPerm extractEntry data/haarcascade_upperbody.xml
186 silly gunzTarPerm extractEntry ..travis.yml.un~
187 silly gunzTarPerm extractEntry examples/take-face-pics.js
188 silly gunzTarPerm extractEntry examples/quad-crosses.js
189 silly gunzTarPerm extractEntry examples/addweighted.js
190 silly gunzTarPerm extractEntry examples/camera.js
191 silly gunzTarPerm extractEntry examples/motion-track.js
192 silly gunzTarPerm extractEntry examples/salt.js
193 silly gunzTarPerm extractEntry examples/color_filter.js
194 silly gunzTarPerm extractEntry examples/contours.js
195 silly gunzTarPerm extractEntry examples/convert_image.js
196 silly gunzTarPerm extractEntry examples/detect-shapes.js
197 silly gunzTarPerm extractEntry examples/face-proxy.js
198 silly gunzTarPerm extractEntry examples/face_detection.js
199 silly gunzTarPerm extractEntry examples/Face.js
200 silly gunzTarPerm extractEntry examples/over_text.png
201 silly gunzTarPerm extractEntry examples/.make-example-files.sh.un~
202 silly gunzTarPerm extractEntry examples/make-example-files.sh
203 silly gunzTarPerm extractEntry examples/mona.png
204 silly gunzTarPerm extractEntry examples/coin1.jpg
205 silly gunzTarPerm extractEntry examples/motion.mov
206 silly gunzTarPerm extractEntry examples/coin2.jpg
207 silly gunzTarPerm extractEntry examples/.take-face-pics.js.un~
208 silly gunzTarPerm extractEntry examples/quads.jpg
209 silly gunzTarPerm extractEntry examples/.motion-track.js.un~
210 silly gunzTarPerm extractEntry examples/shapes.jpg
211 silly gunzTarPerm extractEntry examples/stuff.png
212 silly gunzTarPerm extractEntry examples/.camera.js.un~
213 silly gunzTarPerm extractEntry index.html
214 silly gunzTarPerm extractEntry lib/bindings.js
215 silly gunzTarPerm extractEntry lib/opencv.js
216 silly gunzTarPerm extractEntry lib/.opencv.js.un~
217 silly gunzTarPerm extractEntry MIT-LICENSE.txt
218 silly gunzTarPerm extractEntry out.png
219 silly gunzTarPerm extractEntry .binding.gyp.un~
220 silly gunzTarPerm extractEntry ..gitignore.un~
221 silly gunzTarPerm extractEntry smoke/smoketest.js
222 silly gunzTarPerm extractEntry smoke/.smoke.sh.un~
223 silly gunzTarPerm extractEntry smoke/.smoketest.js.un~
224 silly gunzTarPerm extractEntry smoke/smoke.sh
225 silly gunzTarPerm extractEntry src/CascadeClassifierWrap.cc
226 silly gunzTarPerm extractEntry src/.CamShift.cc.un~
227 silly gunzTarPerm extractEntry src/.CascadeClassifierWrap.cc.un~
228 silly gunzTarPerm extractEntry src/.CascadeClassifierWrap.h.un~
229 silly gunzTarPerm extractEntry src/.FaceRecognizer.cc.un~
230 silly gunzTarPerm extractEntry src/.FaceRecognizer.h.un~
231 silly gunzTarPerm extractEntry src/.HighGUI.cc.un~
232 silly gunzTarPerm extractEntry src/.HighGUI.h.un~
233 silly gunzTarPerm extractEntry src/.init.cc.un~
234 silly gunzTarPerm extractEntry src/.Matrix.cc.un~
235 silly gunzTarPerm extractEntry src/.Matrix.h.un~
236 silly gunzTarPerm extractEntry src/.OpenCV.h.un~
237 silly gunzTarPerm extractEntry src/.VideoCaptureWrap.cc.un~
238 silly gunzTarPerm extractEntry src/.VideoWriter.cc.un~
239 silly gunzTarPerm extractEntry src/.VideoWriter.h.un~
240 silly gunzTarPerm extractEntry src/CamShift.cc
241 silly gunzTarPerm extractEntry src/CamShift.h
242 silly gunzTarPerm extractEntry src/.CamShift.h.un~
243 silly gunzTarPerm extractEntry src/CascadeClassifierWrap.h
244 silly gunzTarPerm extractEntry src/Contours.cc
245 silly gunzTarPerm extractEntry src/Contours.h
246 silly gunzTarPerm extractEntry src/FaceRecognizer.cc
247 silly gunzTarPerm extractEntry src/FaceRecognizer.h
248 silly gunzTarPerm extractEntry src/HighGUI.cc
249 silly gunzTarPerm extractEntry src/HighGUI.h
250 silly gunzTarPerm extractEntry src/init.cc
251 silly gunzTarPerm extractEntry src/Matrix.cc
252 silly gunzTarPerm extractEntry src/Matrix.h
253 silly gunzTarPerm extractEntry src/OpenCV.cc
254 silly gunzTarPerm extractEntry src/OpenCV.h
255 silly gunzTarPerm extractEntry src/Point.cc
256 silly gunzTarPerm extractEntry src/Point.h
257 silly gunzTarPerm extractEntry src/VideoCaptureWrap.cc
258 silly gunzTarPerm extractEntry src/VideoCaptureWrap.h
259 silly gunzTarPerm extractEntry test/unit.js
260 silly gunzTarPerm extractEntry test/.temp.js.un~
261 silly gunzTarPerm extractEntry test/.unit.js.un~
262 verbose read json /home/ivan/tmp/npm-3148/1376748196220-0.0015302894171327353/package/package.json
263 silly lockFile f324819e-20-0-0015302894171327353-package /home/ivan/tmp/npm-3148/1376748196220-0.0015302894171327353/package
264 silly lockFile f324819e-20-0-0015302894171327353-package /home/ivan/tmp/npm-3148/1376748196220-0.0015302894171327353/package
265 silly lockFile ce9fab91-20-0-0015302894171327353-tmp-tgz /home/ivan/tmp/npm-3148/1376748196220-0.0015302894171327353/tmp.tgz
266 silly lockFile ce9fab91-20-0-0015302894171327353-tmp-tgz /home/ivan/tmp/npm-3148/1376748196220-0.0015302894171327353/tmp.tgz
267 verbose from cache /home/ivan/tmp/npm-3148/1376748196220-0.0015302894171327353/package/package.json
268 verbose tar pack [ '/home/ivan/.npm/opencv/0.3.1/package.tgz',
268 verbose tar pack   '/home/ivan/tmp/npm-3148/1376748196220-0.0015302894171327353/package' ]
269 verbose tarball /home/ivan/.npm/opencv/0.3.1/package.tgz
270 verbose folder /home/ivan/tmp/npm-3148/1376748196220-0.0015302894171327353/package
271 silly lockFile f324819e-20-0-0015302894171327353-package /home/ivan/tmp/npm-3148/1376748196220-0.0015302894171327353/package
272 verbose lock /home/ivan/tmp/npm-3148/1376748196220-0.0015302894171327353/package /home/ivan/.npm/f324819e-20-0-0015302894171327353-package.lock
273 silly lockFile 4677bf9b-van-npm-opencv-0-3-1-package-tgz /home/ivan/.npm/opencv/0.3.1/package.tgz
274 verbose lock /home/ivan/.npm/opencv/0.3.1/package.tgz /home/ivan/.npm/4677bf9b-van-npm-opencv-0-3-1-package-tgz.lock
275 silly lockFile f324819e-20-0-0015302894171327353-package /home/ivan/tmp/npm-3148/1376748196220-0.0015302894171327353/package
276 silly lockFile f324819e-20-0-0015302894171327353-package /home/ivan/tmp/npm-3148/1376748196220-0.0015302894171327353/package
277 silly lockFile 4677bf9b-van-npm-opencv-0-3-1-package-tgz /home/ivan/.npm/opencv/0.3.1/package.tgz
278 silly lockFile 4677bf9b-van-npm-opencv-0-3-1-package-tgz /home/ivan/.npm/opencv/0.3.1/package.tgz
279 silly lockFile be9a394b-me-ivan-npm-opencv-0-3-1-package /home/ivan/.npm/opencv/0.3.1/package
280 verbose lock /home/ivan/.npm/opencv/0.3.1/package /home/ivan/.npm/be9a394b-me-ivan-npm-opencv-0-3-1-package.lock
281 silly lockFile be9a394b-me-ivan-npm-opencv-0-3-1-package /home/ivan/.npm/opencv/0.3.1/package
282 silly lockFile be9a394b-me-ivan-npm-opencv-0-3-1-package /home/ivan/.npm/opencv/0.3.1/package
283 verbose tar unpack /home/ivan/.npm/opencv/0.3.1/package.tgz
284 silly lockFile be9a394b-me-ivan-npm-opencv-0-3-1-package /home/ivan/.npm/opencv/0.3.1/package
285 verbose lock /home/ivan/.npm/opencv/0.3.1/package /home/ivan/.npm/be9a394b-me-ivan-npm-opencv-0-3-1-package.lock
286 silly lockFile 4677bf9b-van-npm-opencv-0-3-1-package-tgz /home/ivan/.npm/opencv/0.3.1/package.tgz
287 verbose lock /home/ivan/.npm/opencv/0.3.1/package.tgz /home/ivan/.npm/4677bf9b-van-npm-opencv-0-3-1-package-tgz.lock
288 silly gunzTarPerm modes [ '755', '644' ]
289 silly gunzTarPerm extractEntry package.json
290 silly gunzTarPerm extractEntry .npmignore
291 silly gunzTarPerm extractEntry README.md
292 silly gunzTarPerm extractEntry .temp.js.un~
293 silly gunzTarPerm extractEntry Dockerfile
294 silly gunzTarPerm extractEntry .binding.gyp.un~
295 silly gunzTarPerm extractEntry data/haarcascade_mcs_upperbody.xml
296 silly gunzTarPerm extractEntry data/haarcascade_frontalface_alt_tree.xml
297 silly gunzTarPerm extractEntry data/haarcascade_lefteye_2splits.xml
298 silly gunzTarPerm extractEntry data/haarcascade_lowerbody.xml
299 silly gunzTarPerm extractEntry data/haarcascade_eye_tree_eyeglasses.xml
300 silly gunzTarPerm extractEntry data/haarcascade_mcs_righteye.xml
301 silly gunzTarPerm extractEntry data/haarcascade_eye.xml
302 silly gunzTarPerm extractEntry data/haarcascade_mcs_lefteye.xml
303 silly gunzTarPerm extractEntry data/haarcascade_mcs_nose.xml
304 silly gunzTarPerm extractEntry data/haarcascade_mcs_mouth.xml
305 silly gunzTarPerm extractEntry data/haarcascade_fullbody.xml
306 silly gunzTarPerm extractEntry data/haarcascade_mcs_eyepair_small.xml
307 silly gunzTarPerm extractEntry data/haarcascade_frontalface_default.xml
308 silly gunzTarPerm extractEntry data/haarcascade_upperbody.xml
309 silly gunzTarPerm extractEntry data/haarcascade_righteye_2splits.xml
310 silly gunzTarPerm extractEntry data/haarcascade_mcs_eyepair_big.xml
311 silly gunzTarPerm extractEntry data/haarcascade_frontalface_alt.xml
312 silly gunzTarPerm extractEntry data/haarcascade_profileface.xml
313 silly gunzTarPerm extractEntry data/haarcascade_frontalface_alt2.xml
314 silly gunzTarPerm extractEntry ..travis.yml.un~
315 silly gunzTarPerm extractEntry .package.json.un~
316 silly gunzTarPerm extractEntry MIT-LICENSE.txt
317 silly gunzTarPerm extractEntry test/unit.js
318 silly gunzTarPerm extractEntry test/.temp.js.un~
319 silly gunzTarPerm extractEntry test/.unit.js.un~
320 silly gunzTarPerm extractEntry index.html
321 silly gunzTarPerm extractEntry smoke/smoketest.js
322 silly gunzTarPerm extractEntry smoke/.smoke.sh.un~
323 silly gunzTarPerm extractEntry smoke/smoke.sh
324 silly gunzTarPerm extractEntry smoke/.smoketest.js.un~
325 silly gunzTarPerm extractEntry .temp.coffee.un~
326 silly gunzTarPerm extractEntry lib/bindings.js
327 silly gunzTarPerm extractEntry lib/opencv.js
328 silly gunzTarPerm extractEntry lib/.opencv.js.un~
329 silly gunzTarPerm extractEntry .README.md.un~
330 silly gunzTarPerm extractEntry examples/addweighted.js
331 silly gunzTarPerm extractEntry examples/motion-track.js
332 silly gunzTarPerm extractEntry examples/quad-crosses.js
333 silly gunzTarPerm extractEntry examples/salt.js
334 silly gunzTarPerm extractEntry examples/Face.js
335 silly gunzTarPerm extractEntry examples/convert_image.js
336 silly gunzTarPerm extractEntry examples/face_detection.js
337 silly gunzTarPerm extractEntry examples/camera.js
338 silly gunzTarPerm extractEntry examples/detect-shapes.js
339 silly gunzTarPerm extractEntry examples/color_filter.js
340 silly gunzTarPerm extractEntry examples/take-face-pics.js
341 silly gunzTarPerm extractEntry examples/face-proxy.js
342 silly gunzTarPerm extractEntry examples/contours.js
343 silly gunzTarPerm extractEntry examples/coin1.jpg
344 silly gunzTarPerm extractEntry examples/quads.jpg
345 silly gunzTarPerm extractEntry examples/shapes.jpg
346 silly gunzTarPerm extractEntry examples/make-example-files.sh
347 silly gunzTarPerm extractEntry examples/.motion-track.js.un~
348 silly gunzTarPerm extractEntry examples/stuff.png
349 silly gunzTarPerm extractEntry examples/over_text.png
350 silly gunzTarPerm extractEntry examples/.take-face-pics.js.un~
351 silly gunzTarPerm extractEntry examples/mona.png
352 silly gunzTarPerm extractEntry examples/motion.mov
353 silly gunzTarPerm extractEntry examples/.make-example-files.sh.un~
354 silly gunzTarPerm extractEntry examples/coin2.jpg
355 silly gunzTarPerm extractEntry examples/.camera.js.un~
356 silly gunzTarPerm extractEntry binding.gyp
357 silly gunzTarPerm extractEntry out.png
358 silly gunzTarPerm extractEntry ..gitignore.un~
359 silly gunzTarPerm extractEntry src/CascadeClassifierWrap.h
360 silly gunzTarPerm extractEntry src/.OpenCV.h.un~
361 silly gunzTarPerm extractEntry src/CascadeClassifierWrap.cc
362 silly gunzTarPerm extractEntry src/.CamShift.cc.un~
363 silly gunzTarPerm extractEntry src/FaceRecognizer.cc
364 silly gunzTarPerm extractEntry src/.CascadeClassifierWrap.h.un~
365 silly gunzTarPerm extractEntry src/.VideoWriter.h.un~
366 silly gunzTarPerm extractEntry src/.Matrix.h.un~
367 silly gunzTarPerm extractEntry src/init.cc
368 silly gunzTarPerm extractEntry src/VideoCaptureWrap.h
369 silly gunzTarPerm extractEntry src/Contours.cc
370 silly gunzTarPerm extractEntry src/HighGUI.h
371 silly gunzTarPerm extractEntry src/.VideoCaptureWrap.cc.un~
372 silly gunzTarPerm extractEntry src/OpenCV.cc
373 silly gunzTarPerm extractEntry src/CamShift.h
374 silly gunzTarPerm extractEntry src/Point.h
375 silly gunzTarPerm extractEntry src/.FaceRecognizer.h.un~
376 silly gunzTarPerm extractEntry src/.HighGUI.cc.un~
377 silly gunzTarPerm extractEntry src/CamShift.cc
378 silly gunzTarPerm extractEntry src/.CamShift.h.un~
379 silly gunzTarPerm extractEntry src/.CascadeClassifierWrap.cc.un~
380 silly gunzTarPerm extractEntry src/Point.cc
381 silly gunzTarPerm extractEntry src/.HighGUI.h.un~
382 silly gunzTarPerm extractEntry src/.Matrix.cc.un~
383 silly gunzTarPerm extractEntry src/.FaceRecognizer.cc.un~
384 silly gunzTarPerm extractEntry src/Matrix.h
385 silly gunzTarPerm extractEntry src/VideoCaptureWrap.cc
386 silly gunzTarPerm extractEntry src/Matrix.cc
387 silly gunzTarPerm extractEntry src/FaceRecognizer.h
388 silly gunzTarPerm extractEntry src/HighGUI.cc
389 silly gunzTarPerm extractEntry src/Contours.h
390 silly gunzTarPerm extractEntry src/.init.cc.un~
391 silly gunzTarPerm extractEntry src/.VideoWriter.cc.un~
392 silly gunzTarPerm extractEntry src/OpenCV.h
393 silly gunzTarPerm extractEntry .travis.yml
394 verbose read json /home/ivan/.npm/opencv/0.3.1/package/package.json
395 silly lockFile be9a394b-me-ivan-npm-opencv-0-3-1-package /home/ivan/.npm/opencv/0.3.1/package
396 silly lockFile be9a394b-me-ivan-npm-opencv-0-3-1-package /home/ivan/.npm/opencv/0.3.1/package
397 silly lockFile 4677bf9b-van-npm-opencv-0-3-1-package-tgz /home/ivan/.npm/opencv/0.3.1/package.tgz
398 silly lockFile 4677bf9b-van-npm-opencv-0-3-1-package-tgz /home/ivan/.npm/opencv/0.3.1/package.tgz
399 silly shasum updated bytes 40960
400 silly shasum updated bytes 40960
401 silly shasum updated bytes 40960
402 silly shasum updated bytes 40960
403 silly shasum updated bytes 40960
404 silly shasum updated bytes 40960
405 silly shasum updated bytes 40960
406 silly shasum updated bytes 40960
407 silly shasum updated bytes 40960
408 silly shasum updated bytes 40960
409 silly shasum updated bytes 40960
410 silly shasum updated bytes 40960
411 silly shasum updated bytes 40960
412 silly shasum updated bytes 40960
413 silly shasum updated bytes 40960
414 silly shasum updated bytes 40960
415 silly shasum updated bytes 40960
416 silly shasum updated bytes 40960
417 silly shasum updated bytes 40960
418 silly shasum updated bytes 40960
419 silly shasum updated bytes 40960
420 silly shasum updated bytes 40960
421 silly shasum updated bytes 40960
422 silly shasum updated bytes 40960
423 silly shasum updated bytes 40960
424 silly shasum updated bytes 40960
425 silly shasum updated bytes 40960
426 silly shasum updated bytes 40960
427 silly shasum updated bytes 40960
428 silly shasum updated bytes 40960
429 silly shasum updated bytes 40960
430 silly shasum updated bytes 40960
431 silly shasum updated bytes 40960
432 silly shasum updated bytes 40960
433 silly shasum updated bytes 40960
434 silly shasum updated bytes 40960
435 silly shasum updated bytes 40960
436 silly shasum updated bytes 40960
437 silly shasum updated bytes 40960
438 silly shasum updated bytes 40960
439 silly shasum updated bytes 40960
440 silly shasum updated bytes 40960
441 silly shasum updated bytes 40960
442 silly shasum updated bytes 40960
443 silly shasum updated bytes 40960
444 silly shasum updated bytes 40960
445 silly shasum updated bytes 40960
446 silly shasum updated bytes 40960
447 silly shasum updated bytes 40960
448 silly shasum updated bytes 40960
449 silly shasum updated bytes 40960
450 silly shasum updated bytes 40960
451 silly shasum updated bytes 40960
452 silly shasum updated bytes 40960
453 silly shasum updated bytes 40960
454 silly shasum updated bytes 40960
455 silly shasum updated bytes 40960
456 silly shasum updated bytes 40960
457 silly shasum updated bytes 40960
458 silly shasum updated bytes 40960
459 silly shasum updated bytes 40960
460 silly shasum updated bytes 40960
461 silly shasum updated bytes 40960
462 silly shasum updated bytes 40960
463 silly shasum updated bytes 40960
464 silly shasum updated bytes 40960
465 silly shasum updated bytes 40960
466 silly shasum updated bytes 40960
467 silly shasum updated bytes 40960
468 silly shasum updated bytes 40960
469 silly shasum updated bytes 40960
470 silly shasum updated bytes 40960
471 silly shasum updated bytes 40960
472 silly shasum updated bytes 40960
473 silly shasum updated bytes 40960
474 silly shasum updated bytes 40960
475 silly shasum updated bytes 40960
476 silly shasum updated bytes 40960
477 silly shasum updated bytes 40960
478 silly shasum updated bytes 40960
479 silly shasum updated bytes 40960
480 silly shasum updated bytes 40960
481 silly shasum updated bytes 40960
482 silly shasum updated bytes 40960
483 silly shasum updated bytes 40960
484 silly shasum updated bytes 40960
485 silly shasum updated bytes 40960
486 silly shasum updated bytes 40960
487 silly shasum updated bytes 40960
488 silly shasum updated bytes 40960
489 silly shasum updated bytes 40960
490 silly shasum updated bytes 40960
491 silly shasum updated bytes 40960
492 silly shasum updated bytes 40960
493 silly shasum updated bytes 40960
494 silly shasum updated bytes 40960
495 silly shasum updated bytes 40960
496 silly shasum updated bytes 40960
497 silly shasum updated bytes 40960
498 silly shasum updated bytes 40960
499 silly shasum updated bytes 40960
500 silly shasum updated bytes 40960
501 silly shasum updated bytes 40960
502 silly shasum updated bytes 33946
503 info shasum b8b5c892b6c738dc821b125a191bc8f8bddb24d1
503 info shasum /home/ivan/.npm/opencv/0.3.1/package.tgz
504 verbose from cache /home/ivan/.npm/opencv/0.3.1/package/package.json
505 verbose chmod /home/ivan/.npm/opencv/0.3.1/package.tgz 644
506 verbose chown /home/ivan/.npm/opencv/0.3.1/package.tgz [ 1000, 1000 ]
507 silly lockFile 407afc88-pmjs-org-opencv-opencv-0-3-1-tgz https://registry.npmjs.org/opencv/-/opencv-0.3.1.tgz
508 silly lockFile 407afc88-pmjs-org-opencv-opencv-0-3-1-tgz https://registry.npmjs.org/opencv/-/opencv-0.3.1.tgz
509 silly lockFile 6733d4c1-opencv-0-3-1 opencv@0.3.1
510 silly lockFile 6733d4c1-opencv-0-3-1 opencv@0.3.1
511 silly lockFile 4da5a9ce-opencv opencv@
512 silly lockFile 4da5a9ce-opencv opencv@
513 silly resolved [ { name: 'opencv',
513 silly resolved     description: 'Node Bindings to OpenCV',
513 silly resolved     author: { name: 'Peter Braden', email: 'peterbraden@peterbraden.co.uk' },
513 silly resolved     dependencies: { buffers: '0.1.1' },
513 silly resolved     version: '0.3.1',
513 silly resolved     devDependencies: { vows: '*' },
513 silly resolved     engine: 'node >= 0.4.1',
513 silly resolved     scripts:
513 silly resolved      { preinstall: 'node-gyp clean rebuild',
513 silly resolved        test: 'vows test/unit.js' },
513 silly resolved     keywords: [ 'opencv', 'computer', 'vision', 'quadrocopter' ],
513 silly resolved     main: './lib/opencv',
513 silly resolved     readme: '# node-opencv \n\n[![Build Status](https://secure.travis-ci.org/peterbraden/node-opencv.png)](http://travis-ci.org/peterbraden/node-opencv)\n\n\n[OpenCV](http://opencv.willowgarage.com/wiki/) bindings for Node.js. OpenCV is the defacto computer vision library - by interfacing with it natively in node, we get powerful real time vision in js.\n\nPeople are using node-opencv to fly control quadrocoptors, detect faces from webcam images and annotate video streams. If you\'re using it for something cool, I\'d love to hear about it!\n\n## Install\n\nYou\'ll need OpenCV 2.3.1 installed.\n\nThen:\n\n```bash\n$ npm install opencv\n```\n\nOr to build the repo:\n\n```bash\n$ node-gyp rebuild\n```\n\n## Examples\n\n### Face Detection\n\n```javascript\ncv.readImage("./examples/test.jpg", function(err, im){\n  im.detectObject(cv.FACE_CASCADE, {}, function(err, faces){\n    for (var i=0;i<faces.length; i++){\n      var x = faces[i]\n      im.ellipse(x.x + x.width/2, x.y + x.height/2, x.width/2, x.height/2);\n    }\n    im.save(\'./out.jpg\');\n  });\n})\n```\n\n\n## API Documentation\n\n### Matrix\n\nThe [matrix](http://opencv.jp/opencv-2svn_org/cpp/core_basic_structures.html#mat) is the most useful\nbase datastructure in OpenCV. Things like images are just matrices of pixels.\n\n#### Creation\n\n```javascript\nnew Matrix(rows, cols)\n```\n\nOr if you\'re thinking of a Matrix as an image:\n\n```javascript\nnew Matrix(height, width)\n```\n\nOr you can use opencv to read in image files. Supported formats are in the OpenCV docs, but jpgs etc are supported.\n\n```javascript\ncv.readImage(filename, function(mat){\n  ...\n})\n\ncv.readImage(buffer, function(mat){\n  ...\n})\n```\n\nIf you need to pipe data into an image, you can use an ImageDataStream:\n\n```javascript\nvar s = new cv.ImageDataStream()\n\ns.on(\'load\', function(matrix){\n  ...\n})\n\nfs.createReadStream(\'./examples/test.jpg\').pipe(s);\n```\n\nIf however, you have a series of images, and you wish to stream them into a\nstream of Matrices, you can use an ImageStream. Thus:\n\n```javascript\nvar s = new cv.ImageStream()\n\ns.on(\'data\', function(matrix){\n   ...\n})\n\nardrone.createPngStream().pipe(s);\n```\n\nNote: Each \'data\' event into the ImageStream should be a complete image buffer.\n\n\n\n#### Accessing Data\n\n```javascript\nvar mat = new cv.Matrix.Eye(4,4); // Create identity matrix\n\nmat.get(0,0) // 1\n\nmat.row(0)  // [1,0,0,0]\nmat.col(4)  // [0,0,0,1]\n```\n\n##### Save\n\n```javascript\nmat.save(\'./pic.jpg\')\n```\n\nor:\n\n```javascript\nvar buff = mat.toBuffer()\n```\n\n#### Image Processing\n\n```javascript\nim.convertGrayscale()\nim.canny(5, 300)\nim.houghLinesP()\n```\n\n\n#### Simple Drawing\n\n```javascript\nim.ellipse(x, y)\nim.line([x1,y1], [x2, y2])\n```\n\n#### Object Detection\n\nThere is a shortcut method for \n[Viola-Jones Haar Cascade](http://www.cognotics.com/opencv/servo_2007_series/part_2/sidebar.html) object \ndetection. This can be used for face detection etc.\n\n```javascript\nmat.detectObject(haar_cascade_xml, opts, function(err, matches){})\n```\n\nFor convenience in face recognition, cv.FACE_CASCADE is a cascade that can be used for frontal face recognition.\n\nAlso:\n\n```javascript\nmat.goodFeaturesToTrack\n```\n\n#### Contours\n\n```javascript\nmat.findCountours\nmat.drawContour\nmat.drawAllContours\n```\n\n### Using Contours\n\n`findContours` returns a `Contours` collection object, not a native array. This object provides\nfunctions for accessing, computing with, and altering the contours contained in it.\nSee [relevant source code](src/Contours.cc) and [examples](examples/)\n\n```javascript\nvar contours = im.findContours;\n\n# Count of contours in the Contours object\ncontours.size();\n\n# Count of corners(verticies) of contour `index`\ncontours.cornerCount(index);\n\n# Access vertex data of contours\nfor(var c = 0; c < contours.size(); ++c) {\n  console.log("Contour " + c);\n  for(var i = 0; i < contours.cornerCount(c); ++i) {\n    var point = contours.point(c, i);\n    console.log("(" + point.x + "," + point.y + ")");"\n  }\n}\n\n# Computations of contour `index`\ncontours.area(index);\ncontours.arcLength(index, isClosed);\ncontours.boundingRect(index);\ncontours.minAreaRect(index);\ncontours.isConvex(index);\n\n# Destructively alter contour `index`\ncontours.approxPolyDP(index, epsilon, isClosed);\ncontours.convexHull(index, clockwise);\n```\n\n## MIT License\nThe library is distributed under the MIT License - if for some reason that \ndoesn\'t work for you please get in touch.\n\n## Changelog\n\n#### 0.0.13\n\n- V Early support for face recognition - API is _likely_ to change. Have fun!\n- *API Change*: VideoCapture.read now calls callback(err, im) instead of callback(im)\n\n#### 0.0.12\n- Matrix clone()\n- NamedWindow Support\n\n#### 0.0.11\n\n- Bug Fixes\n- ImageStream becomes ImageDataStream, and new ImageStream allows multiple images to be\nstreamed as matrices, for example, with an object detection stream.\n- @ryansouza improved documentation\n- Correcting matrix constructor (thanks @gluxon)\n- @Michael Smith expanded Contours functionality.\n\nThanks all!\n\n#### 0.0.10\n\n- Bug Fixes\n- @Contra added code that allows thickness and color args for ellipse\n- Camshift Support\n- @jtlebi added bindings for erode, gaussianBlur, arcLength, approxPolyDP, isConvex, cornerCount\n- @gluxon added bindings for inRange\n\nThanks everyone!\n\n#### 0.0.9\n\n- toBuffer can now take a callback and be run async (re #21)\n',
513 silly resolved     readmeFilename: 'README.md',
513 silly resolved     _id: 'opencv@0.3.1',
513 silly resolved     dist: { shasum: 'b8b5c892b6c738dc821b125a191bc8f8bddb24d1' },
513 silly resolved     _from: 'opencv@',
513 silly resolved     _resolved: 'https://registry.npmjs.org/opencv/-/opencv-0.3.1.tgz' } ]
514 info install opencv@0.3.1 into /home/ivan/code/git/image-parser-node
515 info installOne opencv@0.3.1
516 verbose from cache /home/ivan/.npm/opencv/0.3.1/package/package.json
517 info /home/ivan/code/git/image-parser-node/node_modules/opencv unbuild
518 verbose read json /home/ivan/code/git/image-parser-node/node_modules/opencv/package.json
519 verbose tar unpack /home/ivan/.npm/opencv/0.3.1/package.tgz
520 silly lockFile 6d6761bf--parser-node-node-modules-opencv /home/ivan/code/git/image-parser-node/node_modules/opencv
521 verbose lock /home/ivan/code/git/image-parser-node/node_modules/opencv /home/ivan/.npm/6d6761bf--parser-node-node-modules-opencv.lock
522 silly lockFile 4677bf9b-van-npm-opencv-0-3-1-package-tgz /home/ivan/.npm/opencv/0.3.1/package.tgz
523 verbose lock /home/ivan/.npm/opencv/0.3.1/package.tgz /home/ivan/.npm/4677bf9b-van-npm-opencv-0-3-1-package-tgz.lock
524 silly gunzTarPerm modes [ '755', '644' ]
525 silly gunzTarPerm extractEntry package.json
526 silly gunzTarPerm extractEntry .npmignore
527 silly gunzTarPerm extractEntry README.md
528 silly gunzTarPerm extractEntry .temp.js.un~
529 silly gunzTarPerm extractEntry Dockerfile
530 silly gunzTarPerm extractEntry .binding.gyp.un~
531 silly gunzTarPerm extractEntry data/haarcascade_mcs_upperbody.xml
532 silly gunzTarPerm extractEntry data/haarcascade_frontalface_alt_tree.xml
533 silly gunzTarPerm extractEntry data/haarcascade_lefteye_2splits.xml
534 silly gunzTarPerm extractEntry data/haarcascade_lowerbody.xml
535 silly gunzTarPerm extractEntry data/haarcascade_eye_tree_eyeglasses.xml
536 silly gunzTarPerm extractEntry data/haarcascade_mcs_righteye.xml
537 silly gunzTarPerm extractEntry data/haarcascade_eye.xml
538 silly gunzTarPerm extractEntry data/haarcascade_mcs_lefteye.xml
539 silly gunzTarPerm extractEntry data/haarcascade_mcs_nose.xml
540 silly gunzTarPerm extractEntry data/haarcascade_mcs_mouth.xml
541 silly gunzTarPerm extractEntry data/haarcascade_fullbody.xml
542 silly gunzTarPerm extractEntry data/haarcascade_mcs_eyepair_small.xml
543 silly gunzTarPerm extractEntry data/haarcascade_frontalface_default.xml
544 silly gunzTarPerm extractEntry data/haarcascade_upperbody.xml
545 silly gunzTarPerm extractEntry data/haarcascade_righteye_2splits.xml
546 silly gunzTarPerm extractEntry data/haarcascade_mcs_eyepair_big.xml
547 silly gunzTarPerm extractEntry data/haarcascade_frontalface_alt.xml
548 silly gunzTarPerm extractEntry data/haarcascade_profileface.xml
549 silly gunzTarPerm extractEntry data/haarcascade_frontalface_alt2.xml
550 silly gunzTarPerm extractEntry ..travis.yml.un~
551 silly gunzTarPerm extractEntry .package.json.un~
552 silly gunzTarPerm extractEntry MIT-LICENSE.txt
553 silly gunzTarPerm extractEntry test/unit.js
554 silly gunzTarPerm extractEntry test/.temp.js.un~
555 silly gunzTarPerm extractEntry test/.unit.js.un~
556 silly gunzTarPerm extractEntry index.html
557 silly gunzTarPerm extractEntry smoke/smoketest.js
558 silly gunzTarPerm extractEntry smoke/.smoke.sh.un~
559 silly gunzTarPerm extractEntry smoke/smoke.sh
560 silly gunzTarPerm extractEntry smoke/.smoketest.js.un~
561 silly gunzTarPerm extractEntry .temp.coffee.un~
562 silly gunzTarPerm extractEntry lib/bindings.js
563 silly gunzTarPerm extractEntry lib/opencv.js
564 silly gunzTarPerm extractEntry lib/.opencv.js.un~
565 silly gunzTarPerm extractEntry .README.md.un~
566 silly gunzTarPerm extractEntry examples/addweighted.js
567 silly gunzTarPerm extractEntry examples/motion-track.js
568 silly gunzTarPerm extractEntry examples/quad-crosses.js
569 silly gunzTarPerm extractEntry examples/salt.js
570 silly gunzTarPerm extractEntry examples/Face.js
571 silly gunzTarPerm extractEntry examples/convert_image.js
572 silly gunzTarPerm extractEntry examples/face_detection.js
573 silly gunzTarPerm extractEntry examples/camera.js
574 silly gunzTarPerm extractEntry examples/detect-shapes.js
575 silly gunzTarPerm extractEntry examples/color_filter.js
576 silly gunzTarPerm extractEntry examples/take-face-pics.js
577 silly gunzTarPerm extractEntry examples/face-proxy.js
578 silly gunzTarPerm extractEntry examples/contours.js
579 silly gunzTarPerm extractEntry examples/coin1.jpg
580 silly gunzTarPerm extractEntry examples/quads.jpg
581 silly gunzTarPerm extractEntry examples/shapes.jpg
582 silly gunzTarPerm extractEntry examples/make-example-files.sh
583 silly gunzTarPerm extractEntry examples/.motion-track.js.un~
584 silly gunzTarPerm extractEntry examples/stuff.png
585 silly gunzTarPerm extractEntry examples/over_text.png
586 silly gunzTarPerm extractEntry examples/.take-face-pics.js.un~
587 silly gunzTarPerm extractEntry examples/mona.png
588 silly gunzTarPerm extractEntry examples/motion.mov
589 silly gunzTarPerm extractEntry examples/.make-example-files.sh.un~
590 silly gunzTarPerm extractEntry examples/coin2.jpg
591 silly gunzTarPerm extractEntry examples/.camera.js.un~
592 silly gunzTarPerm extractEntry binding.gyp
593 silly gunzTarPerm extractEntry out.png
594 silly gunzTarPerm extractEntry ..gitignore.un~
595 silly gunzTarPerm extractEntry src/CascadeClassifierWrap.h
596 silly gunzTarPerm extractEntry src/.OpenCV.h.un~
597 silly gunzTarPerm extractEntry src/CascadeClassifierWrap.cc
598 silly gunzTarPerm extractEntry src/.CamShift.cc.un~
599 silly gunzTarPerm extractEntry src/FaceRecognizer.cc
600 silly gunzTarPerm extractEntry src/.CascadeClassifierWrap.h.un~
601 silly gunzTarPerm extractEntry src/.VideoWriter.h.un~
602 silly gunzTarPerm extractEntry src/.Matrix.h.un~
603 silly gunzTarPerm extractEntry src/init.cc
604 silly gunzTarPerm extractEntry src/VideoCaptureWrap.h
605 silly gunzTarPerm extractEntry src/Contours.cc
606 silly gunzTarPerm extractEntry src/HighGUI.h
607 silly gunzTarPerm extractEntry src/.VideoCaptureWrap.cc.un~
608 silly gunzTarPerm extractEntry src/OpenCV.cc
609 silly gunzTarPerm extractEntry src/CamShift.h
610 silly gunzTarPerm extractEntry src/Point.h
611 silly gunzTarPerm extractEntry src/.FaceRecognizer.h.un~
612 silly gunzTarPerm extractEntry src/.HighGUI.cc.un~
613 silly gunzTarPerm extractEntry src/CamShift.cc
614 silly gunzTarPerm extractEntry src/.CamShift.h.un~
615 silly gunzTarPerm extractEntry src/.CascadeClassifierWrap.cc.un~
616 silly gunzTarPerm extractEntry src/Point.cc
617 silly gunzTarPerm extractEntry src/.HighGUI.h.un~
618 silly gunzTarPerm extractEntry src/.Matrix.cc.un~
619 silly gunzTarPerm extractEntry src/.FaceRecognizer.cc.un~
620 silly gunzTarPerm extractEntry src/Matrix.h
621 silly gunzTarPerm extractEntry src/VideoCaptureWrap.cc
622 silly gunzTarPerm extractEntry src/Matrix.cc
623 silly gunzTarPerm extractEntry src/FaceRecognizer.h
624 silly gunzTarPerm extractEntry src/HighGUI.cc
625 silly gunzTarPerm extractEntry src/Contours.h
626 silly gunzTarPerm extractEntry src/.init.cc.un~
627 silly gunzTarPerm extractEntry src/.VideoWriter.cc.un~
628 silly gunzTarPerm extractEntry src/OpenCV.h
629 silly gunzTarPerm extractEntry .travis.yml
630 verbose read json /home/ivan/code/git/image-parser-node/node_modules/opencv/package.json
631 silly lockFile 6d6761bf--parser-node-node-modules-opencv /home/ivan/code/git/image-parser-node/node_modules/opencv
632 silly lockFile 6d6761bf--parser-node-node-modules-opencv /home/ivan/code/git/image-parser-node/node_modules/opencv
633 silly lockFile 4677bf9b-van-npm-opencv-0-3-1-package-tgz /home/ivan/.npm/opencv/0.3.1/package.tgz
634 silly lockFile 4677bf9b-van-npm-opencv-0-3-1-package-tgz /home/ivan/.npm/opencv/0.3.1/package.tgz
635 info preinstall opencv@0.3.1
636 verbose unsafe-perm in lifecycle false
637 verbose set uid from=0 to=1000
638 silly exec sh "-c" "node-gyp clean rebuild"
639 silly sh,-c,node-gyp clean rebuild,/home/ivan/code/git/image-parser-node/node_modules/opencv spawning
640 info opencv@0.3.1 Failed to exec preinstall script
641 info /home/ivan/code/git/image-parser-node/node_modules/opencv unbuild
642 verbose from cache /home/ivan/code/git/image-parser-node/node_modules/opencv/package.json
643 info preuninstall opencv@0.3.1
644 info uninstall opencv@0.3.1
645 verbose true,/home/ivan/code/git/image-parser-node/node_modules,/home/ivan/code/git/image-parser-node/node_modules unbuild opencv@0.3.1
646 info postuninstall opencv@0.3.1
647 error opencv@0.3.1 preinstall: `node-gyp clean rebuild`
647 error `sh "-c" "node-gyp clean rebuild"` failed with 1
648 error Failed at the opencv@0.3.1 preinstall script.
648 error This is most likely a problem with the opencv package,
648 error not with npm itself.
648 error Tell the author that this fails on your system:
648 error     node-gyp clean rebuild
648 error You can get their info via:
648 error     npm owner ls opencv
648 error There is likely additional logging output above.
649 error System Linux 3.8.0-27-generic
650 error command "/usr/local/bin/node" "/usr/local/bin/npm" "install" "opencv" "--save"
651 error cwd /home/ivan/code/git/image-parser-node
652 error node -v v0.8.19
653 error npm -v 1.2.10
654 error code ELIFECYCLE
655 verbose exit [ 1, true ]
